<?xml version="1.0" encoding="UTF-8"?>
<testsuite xmlns:xsi="http://www.w3.org/2001/XMLSchema-instance" xsi:noNamespaceSchemaLocation="https://maven.apache.org/surefire/maven-surefire-plugin/xsd/surefire-test-report.xsd" name="com.i2i.internship.AppTest" time="0.12" tests="3" errors="0" skipped="0" failures="0">
  <properties>
[...]
</properties>
  <testcase name="testIsPrimeNegativeNumber" classname="com.i2i.internship.AppTest" time="0.019"/>
  <testcase name="testNotPrimePositiveNumber" classname="com.i2i.internship.AppTest" time="0"/>
  <testcase name="testPrimePositiveNumber" classname="com.i2i.internship.AppTest" time="0.001"/>
</testsuite>